<?xml version="1.0" encoding="UTF-8"?>
<testsuite xmlns:xsi="http://www.w3.org/2001/XMLSchema-instance" xsi:noNamespaceSchemaLocation="https://maven.apache.org/surefire/maven-surefire-plugin/xsd/surefire-test-report.xsd" name="com.mycompany.store.ProductTester" time="0.508" tests="1" errors="0" skipped="0" failures="0">
  <properties>
    <property name="java.specification.version" value="16"/>
    <property name="sun.cpu.isalist" value="amd64"/>
    <property name="sun.jnu.encoding" value="Cp1258"/>
    <property name="java.class.path" value="C:\Users\HIEN\Desktop\KTPM-BTL\Demo\target\test-classes;C:\Users\HIEN\.m2\repository\org\openjfx\javafx-controls\13\javafx-controls-13.jar;C:\Users\HIEN\.m2\repository\org\openjfx\javafx-graphics\13\javafx-graphics-13.jar;C:\Users\HIEN\.m2\repository\org\openjfx\javafx-base\13\javafx-base-13.jar;C:\Users\HIEN\.m2\repository\org\openjfx\javafx-fxml\13\javafx-fxml-13.jar;C:\Users\HIEN\.m2\repository\org\junit\jupiter\junit-jupiter-engine\5.8.2\junit-jupiter-engine-5.8.2.jar;C:\Users\HIEN\.m2\repository\org\junit\platform\junit-platform-engine\1.8.2\junit-platform-engine-1.8.2.jar;C:\Users\HIEN\.m2\repository\org\apiguardian\apiguardian-api\1.1.2\apiguardian-api-1.1.2.jar;C:\Users\HIEN\.m2\repository\org\junit\jupiter\junit-jupiter-params\5.8.2\junit-jupiter-params-5.8.2.jar;C:\Users\HIEN\.m2\repository\mysql\mysql-connector-java\8.0.28\mysql-connector-java-8.0.28.jar;C:\Users\HIEN\.m2\repository\com\google\protobuf\protobuf-java\3.11.4\protobuf-java-3.11.4.jar;C:\Users\HIEN\.m2\repository\org\junit\jupiter\junit-jupiter-api\5.8.2\junit-jupiter-api-5.8.2.jar;C:\Users\HIEN\.m2\repository\org\opentest4j\opentest4j\1.2.0\opentest4j-1.2.0.jar;C:\Users\HIEN\.m2\repository\org\junit\platform\junit-platform-commons\1.8.2\junit-platform-commons-1.8.2.jar;C:\Users\HIEN\.m2\repository\org\webjars\npm\node-gyp-build\4.3.0\node-gyp-build-4.3.0.jar;C:\Users\HIEN\.m2\repository\org\apache\ant\ant\1.8.1\ant-1.8.1.jar;C:\Users\HIEN\.m2\repository\org\apache\ant\ant-launcher\1.8.1\ant-launcher-1.8.1.jar;"/>
    <property name="java.vm.vendor" value="Oracle Corporation"/>
    <property name="sun.arch.data.model" value="64"/>
    <property name="user.variant" value=""/>
    <property name="java.vendor.url" value="https://java.oracle.com/"/>
    <property name="user.timezone" value="Asia/Saigon"/>
    <property name="os.name" value="Windows 10"/>
    <property name="java.vm.specification.version" value="16"/>
    <property name="user.country" value="US"/>
    <property name="sun.java.launcher" value="SUN_STANDARD"/>
    <property name="sun.boot.library.path" value="C:\Program Files\Java\jdk-16.0.2\bin"/>
    <property name="sun.java.command" value="org.apache.maven.surefire.booter.ForkedBooter C:\Users\HIEN\AppData\Local\Temp\surefire1212025040074518922 2022-04-27T14-38-00_862-jvmRun1 surefire9055259686989107838tmp surefire_07597084867165109830tmp"/>
    <property name="jdk.debug" value="release"/>
    <property name="test" value="com.mycompany.store.ProductTester#testGetDiscountById"/>
    <property name="surefire.test.class.path" value="C:\Users\HIEN\Desktop\KTPM-BTL\Demo\target\test-classes;C:\Users\HIEN\.m2\repository\org\openjfx\javafx-controls\13\javafx-controls-13.jar;C:\Users\HIEN\.m2\repository\org\openjfx\javafx-graphics\13\javafx-graphics-13.jar;C:\Users\HIEN\.m2\repository\org\openjfx\javafx-base\13\javafx-base-13.jar;C:\Users\HIEN\.m2\repository\org\openjfx\javafx-fxml\13\javafx-fxml-13.jar;C:\Users\HIEN\.m2\repository\org\junit\jupiter\junit-jupiter-engine\5.8.2\junit-jupiter-engine-5.8.2.jar;C:\Users\HIEN\.m2\repository\org\junit\platform\junit-platform-engine\1.8.2\junit-platform-engine-1.8.2.jar;C:\Users\HIEN\.m2\repository\org\apiguardian\apiguardian-api\1.1.2\apiguardian-api-1.1.2.jar;C:\Users\HIEN\.m2\repository\org\junit\jupiter\junit-jupiter-params\5.8.2\junit-jupiter-params-5.8.2.jar;C:\Users\HIEN\.m2\repository\mysql\mysql-connector-java\8.0.28\mysql-connector-java-8.0.28.jar;C:\Users\HIEN\.m2\repository\com\google\protobuf\protobuf-java\3.11.4\protobuf-java-3.11.4.jar;C:\Users\HIEN\.m2\repository\org\junit\jupiter\junit-jupiter-api\5.8.2\junit-jupiter-api-5.8.2.jar;C:\Users\HIEN\.m2\repository\org\opentest4j\opentest4j\1.2.0\opentest4j-1.2.0.jar;C:\Users\HIEN\.m2\repository\org\junit\platform\junit-platform-commons\1.8.2\junit-platform-commons-1.8.2.jar;C:\Users\HIEN\.m2\repository\org\webjars\npm\node-gyp-build\4.3.0\node-gyp-build-4.3.0.jar;C:\Users\HIEN\.m2\repository\org\apache\ant\ant\1.8.1\ant-1.8.1.jar;C:\Users\HIEN\.m2\repository\org\apache\ant\ant-launcher\1.8.1\ant-launcher-1.8.1.jar;"/>
    <property name="sun.cpu.endian" value="little"/>
    <property name="user.home" value="C:\Users\HIEN"/>
    <property name="user.language" value="en"/>
    <property name="java.specification.vendor" value="Oracle Corporation"/>
    <property name="jdk.module.path" value="C:\Users\HIEN\Desktop\KTPM-BTL\Demo\target\classes;C:\Users\HIEN\.m2\repository\org\openjfx\javafx-controls\13\javafx-controls-13-win.jar;C:\Users\HIEN\.m2\repository\org\openjfx\javafx-graphics\13\javafx-graphics-13-win.jar;C:\Users\HIEN\.m2\repository\org\openjfx\javafx-base\13\javafx-base-13-win.jar;C:\Users\HIEN\.m2\repository\org\openjfx\javafx-fxml\13\javafx-fxml-13-win.jar"/>
    <property name="java.version.date" value="2021-07-20"/>
    <property name="java.home" value="C:\Program Files\Java\jdk-16.0.2"/>
    <property name="file.separator" value="\"/>
    <property name="basedir" value="C:\Users\HIEN\Desktop\KTPM-BTL\Demo"/>
    <property name="java.vm.compressedOopsMode" value="32-bit"/>
    <property name="line.separator" value="&#10;"/>
    <property name="java.vm.specification.vendor" value="Oracle Corporation"/>
    <property name="java.specification.name" value="Java Platform API Specification"/>
    <property name="surefire.real.class.path" value="C:\Users\HIEN\.m2\repository\org\apache\maven\surefire\surefire-booter\2.22.2\surefire-booter-2.22.2.jar;C:\Users\HIEN\.m2\repository\org\apache\maven\surefire\surefire-api\2.22.2\surefire-api-2.22.2.jar;C:\Users\HIEN\.m2\repository\org\apache\maven\surefire\surefire-logger-api\2.22.2\surefire-logger-api-2.22.2.jar;C:\Users\HIEN\Desktop\KTPM-BTL\Demo\target\test-classes;C:\Users\HIEN\.m2\repository\org\openjfx\javafx-controls\13\javafx-controls-13.jar;C:\Users\HIEN\.m2\repository\org\openjfx\javafx-graphics\13\javafx-graphics-13.jar;C:\Users\HIEN\.m2\repository\org\openjfx\javafx-base\13\javafx-base-13.jar;C:\Users\HIEN\.m2\repository\org\openjfx\javafx-fxml\13\javafx-fxml-13.jar;C:\Users\HIEN\.m2\repository\org\junit\jupiter\junit-jupiter-engine\5.8.2\junit-jupiter-engine-5.8.2.jar;C:\Users\HIEN\.m2\repository\org\junit\platform\junit-platform-engine\1.8.2\junit-platform-engine-1.8.2.jar;C:\Users\HIEN\.m2\repository\org\apiguardian\apiguardian-api\1.1.2\apiguardian-api-1.1.2.jar;C:\Users\HIEN\.m2\repository\org\junit\jupiter\junit-jupiter-params\5.8.2\junit-jupiter-params-5.8.2.jar;C:\Users\HIEN\.m2\repository\mysql\mysql-connector-java\8.0.28\mysql-connector-java-8.0.28.jar;C:\Users\HIEN\.m2\repository\com\google\protobuf\protobuf-java\3.11.4\protobuf-java-3.11.4.jar;C:\Users\HIEN\.m2\repository\org\junit\jupiter\junit-jupiter-api\5.8.2\junit-jupiter-api-5.8.2.jar;C:\Users\HIEN\.m2\repository\org\opentest4j\opentest4j\1.2.0\opentest4j-1.2.0.jar;C:\Users\HIEN\.m2\repository\org\junit\platform\junit-platform-commons\1.8.2\junit-platform-commons-1.8.2.jar;C:\Users\HIEN\.m2\repository\org\webjars\npm\node-gyp-build\4.3.0\node-gyp-build-4.3.0.jar;C:\Users\HIEN\.m2\repository\org\apache\ant\ant\1.8.1\ant-1.8.1.jar;C:\Users\HIEN\.m2\repository\org\apache\ant\ant-launcher\1.8.1\ant-launcher-1.8.1.jar;C:\Users\HIEN\.m2\repository\org\apache\maven\surefire\surefire-junit-platform\2.22.2\surefire-junit-platform-2.22.2.jar;C:\Users\HIEN\.m2\repository\org\junit\platform\junit-platform-launcher\1.3.1\junit-platform-launcher-1.3.1.jar"/>
    <property name="user.script" value=""/>
    <property name="sun.management.compiler" value="HotSpot 64-Bit Tiered Compilers"/>
    <property name="java.runtime.version" value="16.0.2+7-67"/>
    <property name="user.name" value="HIEN"/>
    <property name="path.separator" value=";"/>
    <property name="os.version" value="10.0"/>
    <property name="java.runtime.name" value="Java(TM) SE Runtime Environment"/>
    <property name="file.encoding" value="UTF-8"/>
    <property name="java.vm.name" value="Java HotSpot(TM) 64-Bit Server VM"/>
    <property name="maven.ext.class.path" value="D:\Application\NetBeans-12.6\netbeans\java\maven-nblib\netbeans-eventspy.jar"/>
    <property name="localRepository" value="C:\Users\HIEN\.m2\repository"/>
    <property name="java.vendor.url.bug" value="https://bugreport.java.com/bugreport/"/>
    <property name="java.io.tmpdir" value="C:\Users\HIEN\AppData\Local\Temp\"/>
    <property name="java.version" value="16.0.2"/>
    <property name="user.dir" value="C:\Users\HIEN\Desktop\KTPM-BTL\Demo"/>
    <property name="os.arch" value="amd64"/>
    <property name="java.vm.specification.name" value="Java Virtual Machine Specification"/>
    <property name="sun.os.patch.level" value=""/>
    <property name="java.library.path" value="C:\Program Files\Java\jdk-16.0.2\bin;C:\Windows\Sun\Java\bin;C:\Windows\system32;C:\Windows;C:\Program Files\Eclipse Adoptium\jdk-11.0.14.101-hotspot\bin;C:\Program Files\Common Files\Oracle\Java\javapath;C:\Program Files\Microsoft MPI\Bin\;C:\Program Files (x86)\VMware\VMware Workstation\bin\;C:\Program Files\Microsoft\jdk-11.0.12.7-hotspot\bin;C:\Windows\system32;C:\Windows;C:\Windows\System32\Wbem;C:\Windows\System32\WindowsPowerShell\v1.0\;C:\Windows\System32\OpenSSH\;C:\Program Files\Git\cmd;C:\Program Files\Microsoft SQL Server\150\Tools\Binn\;C:\Program Files\Microsoft SQL Server\Client SDK\ODBC\170\Tools\Binn\;C:\Program Files\dotnet\;C:\Program Files (x86)\Microsoft SQL Server\150\Tools\Binn\;C:\Program Files (x86)\Microsoft SQL Server\150\DTS\Binn\;C:\Program Files\Microsoft SQL Server\150\DTS\Binn\;C:\Program Files\Azure Data Studio\bin;C:\Program Files (x86)\dotnet\;C:\ProgramData\chocolatey\bin;D:\Application\;C:\Program Files\MySQL\MySQL Shell 8.0\bin\;C:\Users\HIEN\AppData\Local\Programs\Python\Python310\Scripts\;C:\Users\HIEN\AppData\Local\Programs\Python\Python310\;C:\Users\HIEN\AppData\Local\Programs\Python\Launcher\;C:\Users\HIEN\AppData\Local\Microsoft\WindowsApps;C:\Program Files\JetBrains\PyCharm Community Edition 2021.3.1\bin;;C:\Users\HIEN\.dotnet\tools;C:\Program Files\Azure Data Studio\bin;C:\Users\HIEN\AppData\Roaming\npm;C:\Users\HIEN\AppData\Local\Android\Sdk\platform-tools;;C:\Users\HIEN\AppData\Local\Programs\Microsoft VS Code\bin;."/>
    <property name="java.vm.info" value="mixed mode"/>
    <property name="java.vendor" value="Oracle Corporation"/>
    <property name="java.vm.version" value="16.0.2+7-67"/>
    <property name="sun.io.unicode.encoding" value="UnicodeLittle"/>
    <property name="java.class.version" value="60.0"/>
  </properties>
  <testcase name="testGetDiscountById" classname="com.mycompany.store.ProductTester" time="0.072"/>
</testsuite>